<?xml version="1.0" encoding="UTF-8"?>
<!-- Generated by org.testng.reporters.JUnitXMLReporter -->
<testsuite ignored="0" hostname="DESKTOP-S344IQT" failures="0" tests="2" name="HighProorityTest" time="13.079" errors="0" timestamp="2022-09-01T13:02:05 IST">
  <testcase classname="com.sauceDemo.TestPack.TC01VerifyLoginFunctionality" name="verifyLogin" time="0.015"/>
  <testcase classname="com.sauceDemo.TestPack.TC02VerifyLogoutFuctinality" name="verifyLogOut" time="0.378"/>
</testsuite> <!-- HighProorityTest -->
