<?xml version="1.0" encoding="UTF-8"?>
<!-- Generated by org.testng.reporters.JUnitXMLReporter -->
<testsuite ignored="0" hostname="DESKTOP-S344IQT" failures="0" tests="2" name="LowPriorityTest" time="12.214" errors="0" timestamp="2022-09-01T13:02:17 IST">
  <testcase classname="com.sauceDemo.TestPack.TC03VerifyBagProductAddToCartFunctionality" name="bagProductAddToCart" time="0.3"/>
  <testcase classname="com.sauceDemo.TestPack.TC04VerifyallAddToCartButtonFunctionality" name="allProductAddToCart" time="0.696"/>
</testsuite> <!-- LowPriorityTest -->
