<?xml version="1.0" encoding="UTF-8"?>
<!-- Generated by org.testng.reporters.JUnitXMLReporter -->
<testsuite ignored="0" hostname="DESKTOP-S344IQT" failures="0" tests="4" name="Test" time="18.041" errors="0" timestamp="2022-08-06T21:31:00 IST">
  <testcase classname="com.sauceDemo.TestPack.TC01VerifyLoginFunctionality" name="verifyLogin" time="0.012"/>
  <testcase classname="com.sauceDemo.TestPack.TC02VerifyLogoutFuctinality" name="verifyLogOut" time="0.205"/>
  <testcase classname="com.sauceDemo.TestPack.TC03VerifyBagProductAddToCartFunctionality" name="bagProductAddToCart" time="0.098"/>
  <testcase classname="com.sauceDemo.TestPack.TC04VerifyallAddToCartButtonFunctionality" name="allProductAddToCart" time="0.249"/>
</testsuite> <!-- Test -->
