<?xml version="1.0" encoding="UTF-8"?>
<testng-results ignored="0" total="1" passed="1" failed="0" skipped="0">
  <reporter-output>
  </reporter-output>
  <suite started-at="2022-09-01T15:56:45 IST" name="SanitySuite" finished-at="2022-09-01T15:56:52 IST" duration-ms="7658">
    <groups>
    </groups>
    <test started-at="2022-09-01T15:56:45 IST" name="Test" finished-at="2022-09-01T15:56:52 IST" duration-ms="7658">
      <class name="com.sauceDemo.TestPack.TC02VerifyLogoutFuctinality">
        <test-method is-config="true" signature="setUp()[pri:0, instance:com.sauceDemo.TestPack.TC02VerifyLogoutFuctinality@4efc180e]" started-at="2022-09-01T15:56:45 IST" name="setUp" finished-at="2022-09-01T15:56:52 IST" duration-ms="7228" status="PASS">
          <reporter-output>
          </reporter-output>
        </test-method> <!-- setUp -->
        <test-method signature="verifyLogOut()[pri:0, instance:com.sauceDemo.TestPack.TC02VerifyLogoutFuctinality@4efc180e]" started-at="2022-09-01T15:56:52 IST" name="verifyLogOut" finished-at="2022-09-01T15:56:52 IST" duration-ms="237" status="PASS">
          <reporter-output>
          </reporter-output>
        </test-method> <!-- verifyLogOut -->
        <test-method is-config="true" signature="tearDown()[pri:0, instance:com.sauceDemo.TestPack.TC02VerifyLogoutFuctinality@4efc180e]" started-at="2022-09-01T15:56:52 IST" name="tearDown" finished-at="2022-09-01T15:56:52 IST" duration-ms="157" status="PASS">
          <reporter-output>
          </reporter-output>
        </test-method> <!-- tearDown -->
      </class> <!-- com.sauceDemo.TestPack.TC02VerifyLogoutFuctinality -->
    </test> <!-- Test -->
  </suite> <!-- SanitySuite -->
</testng-results>
